<?xml version="1.0" encoding="UTF-8"?>
<!-- Generated by org.testng.reporters.JUnitXMLReporter -->
<testsuite ignored="5" hostname="PrasannaL" failures="0" tests="1" name="Default test" time="12.137" errors="0" timestamp="2023-03-21T16:59:11 IST">
  <testcase classname="testClasses.HighAlert_ScreenTest" name="PrescriptionTitle" time="1.861"/>
  <testcase classname="testClasses.HighAlert_ScreenTest" name="HighAlertTab" time="0.0">
    <ignored/>
  </testcase> <!-- HighAlertTab -->
  <testcase classname="testClasses.HighAlert_ScreenTest" name="PrescriptionUpload" time="0.0">
    <ignored/>
  </testcase> <!-- PrescriptionUpload -->
  <testcase classname="testClasses.HighAlert_ScreenTest" name="PrescriptionNotAccept" time="0.0">
    <ignored/>
  </testcase> <!-- PrescriptionNotAccept -->
  <testcase classname="testClasses.HighAlert_ScreenTest" name="PrescriptionDelete" time="0.0">
    <ignored/>
  </testcase> <!-- PrescriptionDelete -->
  <testcase classname="testClasses.HighAlert_ScreenTest" name="PrescriptionTab" time="0.0">
    <ignored/>
  </testcase> <!-- PrescriptionTab -->
</testsuite> <!-- Default test -->
