<?xml version="1.0" encoding="UTF-8"?>
<testng-results ignored="5" total="6" passed="1" failed="0" skipped="0">
  <reporter-output>
  </reporter-output>
  <suite started-at="2023-03-21T16:58:58 IST" name="Default suite" finished-at="2023-03-21T16:59:11 IST" duration-ms="12137">
    <groups>
    </groups>
    <test started-at="2023-03-21T16:58:58 IST" name="Default test" finished-at="2023-03-21T16:59:11 IST" duration-ms="12137">
      <class name="testClasses.HighAlert_ScreenTest">
        <test-method is-config="true" signature="setup()[pri:0, instance:testClasses.HighAlert_ScreenTest@689604d9]" started-at="2023-03-21T16:58:58 IST" name="setup" finished-at="2023-03-21T16:59:09 IST" duration-ms="10241" status="PASS">
          <reporter-output>
          </reporter-output>
        </test-method> <!-- setup -->
        <test-method signature="PrescriptionTitle()[pri:0, instance:testClasses.HighAlert_ScreenTest@689604d9]" started-at="2023-03-21T16:59:09 IST" name="PrescriptionTitle" finished-at="2023-03-21T16:59:11 IST" duration-ms="1861" status="PASS">
          <reporter-output>
          </reporter-output>
        </test-method> <!-- PrescriptionTitle -->
      </class> <!-- testClasses.HighAlert_ScreenTest -->
    </test> <!-- Default test -->
  </suite> <!-- Default suite -->
</testng-results>
